<?xml version="1.0" encoding="UTF-8"?>
<testng-results ignored="0" total="3" passed="3" failed="0" skipped="0">
  <reporter-output>
  </reporter-output>
  <suite started-at="2020-05-22T13:55:18 IST" name="Suite" finished-at="2020-05-22T13:55:18 IST" duration-ms="41">
    <groups>
    </groups>
    <test started-at="2020-05-22T13:55:18 IST" name="Test" finished-at="2020-05-22T13:55:18 IST" duration-ms="41">
      <class name="Test.Num1">
        <test-method signature="add()[pri:0, instance:Test.Num1@79ca92b9]" started-at="2020-05-22T13:55:18 IST" name="add" finished-at="2020-05-22T13:55:18 IST" duration-ms="8" status="PASS">
          <reporter-output>
          </reporter-output>
        </test-method> <!-- add -->
        <test-method signature="sub()[pri:0, instance:Test.Num1@79ca92b9]" started-at="2020-05-22T13:55:18 IST" name="sub" finished-at="2020-05-22T13:55:18 IST" duration-ms="1" status="PASS">
          <reporter-output>
          </reporter-output>
        </test-method> <!-- sub -->
      </class> <!-- Test.Num1 -->
      <class name="Test.Num2">
        <test-method signature="addtwo()[pri:0, instance:Test.Num2@1460a8c0]" started-at="2020-05-22T13:55:18 IST" name="addtwo" finished-at="2020-05-22T13:55:18 IST" duration-ms="1" status="PASS">
          <reporter-output>
          </reporter-output>
        </test-method> <!-- addtwo -->
      </class> <!-- Test.Num2 -->
    </test> <!-- Test -->
  </suite> <!-- Suite -->
</testng-results>
